<?xml version="1.0" encoding="UTF-8"?>
<!-- Generated by org.testng.reporters.JUnitReportReporter -->
<testsuite hostname="LAPTOP-R0TS7RQC" failures="0" tests="1" name="TestClasses.FirstTestNG" time="3.416" errors="0" timestamp="04 Nov 2022 04:28:00 GMT" skipped="0">
  <testcase classname="TestClasses.FirstTestNG" name="FBLogin" time="3.416"/>
</testsuite> <!-- TestClasses.FirstTestNG -->
